<?xml version="1.0" encoding="UTF-8"?>
<!-- Generated by org.testng.reporters.JUnitReportReporter -->
<testsuite skipped="0" hostname="DESKTOP-3SL4LUB" name="testcases.BankManagerLoginTest" tests="1" failures="0" timestamp="02 Sep 2018 06:55:32 GMT" time="0.330" errors="0">
  <testcase name="loginAsBankManager" time="0.330" classname="testcases.BankManagerLoginTest"/>
</testsuite> <!-- testcases.BankManagerLoginTest -->
